
> frontend@0.1.0 dev
> next dev -p 3000

⚠ Warning: Next.js inferred your workspace root, but it may not be correct.
 We detected multiple lockfiles and selected the directory of /Users/davidcvetkovski/Documents/Uni/TH/ExamTakerEnvironment/package-lock.json as the root directory.
 To silence this warning, set `turbopack.root` in your Next.js config, or consider removing one of the lockfiles if it's not needed.
   See https://nextjs.org/docs/app/api-reference/config/next-config-js/turbopack#root-directory for more information.
 Detected additional lockfiles: 
   * /Users/davidcvetkovski/Documents/Uni/TH/ExamTakerEnvironment/frontend/package-lock.json

▲ Next.js 16.1.6 (Turbopack)
- Local:         http://localhost:3000
- Network:       http://192.168.1.134:3000

✓ Starting...
✓ Ready in 459ms
⨯ ./frontend/src/components/layout/ThemeToggle.tsx:8:1
Export Button doesn't exist in target module
[0m [90m  6 |[39m [36mimport[39m { [33mThemePreference[39m[33m,[39m useAuthStore[33m,[39m [33mUserPublic[39m } [36mfrom[39m [32m'@/stores/useAuthStore'[39m[33m;[39m
 [90m  7 |[39m [36mimport[39m { useClickOutside } [36mfrom[39m [32m'@/hooks/useClickOutside'[39m[33m;[39m
[31m[1m>[22m[39m[90m  8 |[39m [36mimport[39m { [33mButton[39m } [36mfrom[39m [32m'@/components/ui/Button'[39m[33m;[39m
 [90m    |[39m [31m[1m^[22m[39m[31m[1m^[22m[39m[31m[1m^[22m[39m[31m[1m^[22m[39m[31m[1m^[22m[39m[31m[1m^[22m[39m[31m[1m^[22m[39m[31m[1m^[22m[39m[31m[1m^[22m[39m[31m[1m^[22m[39m[31m[1m^[22m[39m[31m[1m^[22m[39m[31m[1m^[22m[39m[31m[1m^[22m[39m[31m[1m^[22m[39m[31m[1m^[22m[39m[31m[1m^[22m[39m[31m[1m^[22m[39m[31m[1m^[22m[39m[31m[1m^[22m[39m[31m[1m^[22m[39m[31m[1m^[22m[39m[31m[1m^[22m[39m[31m[1m^[22m[39m[31m[1m^[22m[39m[31m[1m^[22m[39m[31m[1m^[22m[39m[31m[1m^[22m[39m[31m[1m^[22m[39m[31m[1m^[22m[39m[31m[1m^[22m[39m[31m[1m^[22m[39m[31m[1m^[22m[39m[31m[1m^[22m[39m[31m[1m^[22m[39m[31m[1m^[22m[39m[31m[1m^[22m[39m[31m[1m^[22m[39m[31m[1m^[22m[39m[31m[1m^[22m[39m[31m[1m^[22m[39m[31m[1m^[22m[39m[31m[1m^[22m[39m[31m[1m^[22m[39m[31m[1m^[22m[39m[31m[1m^[22m[39m[31m[1m^[22m[39m[31m[1m^[22m[39m
 [90m  9 |[39m
 [90m 10 |[39m [36mconst[39m [33mTHEMES[39m[33m:[39m [33mArray[39m[33m<[39m{ label[33m:[39m string[33m;[39m value[33m:[39m [33mThemePreference[39m }[33m>[39m [33m=[39m [
 [90m 11 |[39m     { label[33m:[39m [32m'Dark'[39m[33m,[39m value[33m:[39m [32m'dark'[39m }[33m,[39m[0m

The export Button was not found in module [project]/frontend/src/components/ui/Button.tsx [app-client] (ecmascript).
Did you mean to import default?
All exports of the module are statically known (It doesn't have dynamic exports). So it's known statically that the requested export doesn't exist.

Import traces:
  Client Component Browser:
    ./frontend/src/components/layout/ThemeToggle.tsx [Client Component Browser]
    ./frontend/src/components/layout/GlobalHeader.tsx [Client Component Browser]
    ./frontend/src/components/layout/GlobalHeader.tsx [Server Component]
    ./frontend/src/app/layout.tsx [Server Component]

  Client Component SSR:
    ./frontend/src/components/layout/ThemeToggle.tsx [Client Component SSR]
    ./frontend/src/components/layout/GlobalHeader.tsx [Client Component SSR]
    ./frontend/src/components/layout/GlobalHeader.tsx [Server Component]
    ./frontend/src/app/layout.tsx [Server Component]



./frontend/src/components/layout/ThemeToggle.tsx:8:1
Export Button doesn't exist in target module
[0m [90m  6 |[39m [36mimport[39m { [33mThemePreference[39m[33m,[39m useAuthStore[33m,[39m [33mUserPublic[39m } [36mfrom[39m [32m'@/stores/useAuthStore'[39m[33m;[39m
 [90m  7 |[39m [36mimport[39m { useClickOutside } [36mfrom[39m [32m'@/hooks/useClickOutside'[39m[33m;[39m
[31m[1m>[22m[39m[90m  8 |[39m [36mimport[39m { [33mButton[39m } [36mfrom[39m [32m'@/components/ui/Button'[39m[33m;[39m
 [90m    |[39m [31m[1m^[22m[39m[31m[1m^[22m[39m[31m[1m^[22m[39m[31m[1m^[22m[39m[31m[1m^[22m[39m[31m[1m^[22m[39m[31m[1m^[22m[39m[31m[1m^[22m[39m[31m[1m^[22m[39m[31m[1m^[22m[39m[31m[1m^[22m[39m[31m[1m^[22m[39m[31m[1m^[22m[39m[31m[1m^[22m[39m[31m[1m^[22m[39m[31m[1m^[22m[39m[31m[1m^[22m[39m[31m[1m^[22m[39m[31m[1m^[22m[39m[31m[1m^[22m[39m[31m[1m^[22m[39m[31m[1m^[22m[39m[31m[1m^[22m[39m[31m[1m^[22m[39m[31m[1m^[22m[39m[31m[1m^[22m[39m[31m[1m^[22m[39m[31m[1m^[22m[39m[31m[1m^[22m[39m[31m[1m^[22m[39m[31m[1m^[22m[39m[31m[1m^[22m[39m[31m[1m^[22m[39m[31m[1m^[22m[39m[31m[1m^[22m[39m[31m[1m^[22m[39m[31m[1m^[22m[39m[31m[1m^[22m[39m[31m[1m^[22m[39m[31m[1m^[22m[39m[31m[1m^[22m[39m[31m[1m^[22m[39m[31m[1m^[22m[39m[31m[1m^[22m[39m[31m[1m^[22m[39m[31m[1m^[22m[39m[31m[1m^[22m[39m[31m[1m^[22m[39m
 [90m  9 |[39m
 [90m 10 |[39m [36mconst[39m [33mTHEMES[39m[33m:[39m [33mArray[39m[33m<[39m{ label[33m:[39m string[33m;[39m value[33m:[39m [33mThemePreference[39m }[33m>[39m [33m=[39m [
 [90m 11 |[39m     { label[33m:[39m [32m'Dark'[39m[33m,[39m value[33m:[39m [32m'dark'[39m }[33m,[39m[0m

The export Button was not found in module [project]/frontend/src/components/ui/Button.tsx [app-ssr] (ecmascript).
Did you mean to import default?
All exports of the module are statically known (It doesn't have dynamic exports). So it's known statically that the requested export doesn't exist.

Import traces:
  Client Component Browser:
    ./frontend/src/components/layout/ThemeToggle.tsx [Client Component Browser]
    ./frontend/src/components/layout/GlobalHeader.tsx [Client Component Browser]
    ./frontend/src/components/layout/GlobalHeader.tsx [Server Component]
    ./frontend/src/app/layout.tsx [Server Component]

  Client Component SSR:
    ./frontend/src/components/layout/ThemeToggle.tsx [Client Component SSR]
    ./frontend/src/components/layout/GlobalHeader.tsx [Client Component SSR]
    ./frontend/src/components/layout/GlobalHeader.tsx [Server Component]
    ./frontend/src/app/layout.tsx [Server Component]


 GET /login 500 in 519ms (compile: 484ms, render: 36ms)
⨯ ./frontend/src/components/layout/ThemeToggle.tsx:8:1
Export Button doesn't exist in target module
[0m [90m  6 |[39m [36mimport[39m { [33mThemePreference[39m[33m,[39m useAuthStore[33m,[39m [33mUserPublic[39m } [36mfrom[39m [32m'@/stores/useAuthStore'[39m[33m;[39m
 [90m  7 |[39m [36mimport[39m { useClickOutside } [36mfrom[39m [32m'@/hooks/useClickOutside'[39m[33m;[39m
[31m[1m>[22m[39m[90m  8 |[39m [36mimport[39m { [33mButton[39m } [36mfrom[39m [32m'@/components/ui/Button'[39m[33m;[39m
 [90m    |[39m [31m[1m^[22m[39m[31m[1m^[22m[39m[31m[1m^[22m[39m[31m[1m^[22m[39m[31m[1m^[22m[39m[31m[1m^[22m[39m[31m[1m^[22m[39m[31m[1m^[22m[39m[31m[1m^[22m[39m[31m[1m^[22m[39m[31m[1m^[22m[39m[31m[1m^[22m[39m[31m[1m^[22m[39m[31m[1m^[22m[39m[31m[1m^[22m[39m[31m[1m^[22m[39m[31m[1m^[22m[39m[31m[1m^[22m[39m[31m[1m^[22m[39m[31m[1m^[22m[39m[31m[1m^[22m[39m[31m[1m^[22m[39m[31m[1m^[22m[39m[31m[1m^[22m[39m[31m[1m^[22m[39m[31m[1m^[22m[39m[31m[1m^[22m[39m[31m[1m^[22m[39m[31m[1m^[22m[39m[31m[1m^[22m[39m[31m[1m^[22m[39m[31m[1m^[22m[39m[31m[1m^[22m[39m[31m[1m^[22m[39m[31m[1m^[22m[39m[31m[1m^[22m[39m[31m[1m^[22m[39m[31m[1m^[22m[39m[31m[1m^[22m[39m[31m[1m^[22m[39m[31m[1m^[22m[39m[31m[1m^[22m[39m[31m[1m^[22m[39m[31m[1m^[22m[39m[31m[1m^[22m[39m[31m[1m^[22m[39m[31m[1m^[22m[39m[31m[1m^[22m[39m
 [90m  9 |[39m
 [90m 10 |[39m [36mconst[39m [33mTHEMES[39m[33m:[39m [33mArray[39m[33m<[39m{ label[33m:[39m string[33m;[39m value[33m:[39m [33mThemePreference[39m }[33m>[39m [33m=[39m [
 [90m 11 |[39m     { label[33m:[39m [32m'Dark'[39m[33m,[39m value[33m:[39m [32m'dark'[39m }[33m,[39m[0m

The export Button was not found in module [project]/frontend/src/components/ui/Button.tsx [app-client] (ecmascript).
Did you mean to import default?
All exports of the module are statically known (It doesn't have dynamic exports). So it's known statically that the requested export doesn't exist.

Import traces:
  Client Component Browser:
    ./frontend/src/components/layout/ThemeToggle.tsx [Client Component Browser]
    ./frontend/src/components/layout/GlobalHeader.tsx [Client Component Browser]
    ./frontend/src/components/layout/GlobalHeader.tsx [Server Component]
    ./frontend/src/app/layout.tsx [Server Component]

  Client Component SSR:
    ./frontend/src/components/layout/ThemeToggle.tsx [Client Component SSR]
    ./frontend/src/components/layout/GlobalHeader.tsx [Client Component SSR]
    ./frontend/src/components/layout/GlobalHeader.tsx [Server Component]
    ./frontend/src/app/layout.tsx [Server Component]



./frontend/src/components/layout/ThemeToggle.tsx:8:1
Export Button doesn't exist in target module
[0m [90m  6 |[39m [36mimport[39m { [33mThemePreference[39m[33m,[39m useAuthStore[33m,[39m [33mUserPublic[39m } [36mfrom[39m [32m'@/stores/useAuthStore'[39m[33m;[39m
 [90m  7 |[39m [36mimport[39m { useClickOutside } [36mfrom[39m [32m'@/hooks/useClickOutside'[39m[33m;[39m
[31m[1m>[22m[39m[90m  8 |[39m [36mimport[39m { [33mButton[39m } [36mfrom[39m [32m'@/components/ui/Button'[39m[33m;[39m
 [90m    |[39m [31m[1m^[22m[39m[31m[1m^[22m[39m[31m[1m^[22m[39m[31m[1m^[22m[39m[31m[1m^[22m[39m[31m[1m^[22m[39m[31m[1m^[22m[39m[31m[1m^[22m[39m[31m[1m^[22m[39m[31m[1m^[22m[39m[31m[1m^[22m[39m[31m[1m^[22m[39m[31m[1m^[22m[39m[31m[1m^[22m[39m[31m[1m^[22m[39m[31m[1m^[22m[39m[31m[1m^[22m[39m[31m[1m^[22m[39m[31m[1m^[22m[39m[31m[1m^[22m[39m[31m[1m^[22m[39m[31m[1m^[22m[39m[31m[1m^[22m[39m[31m[1m^[22m[39m[31m[1m^[22m[39m[31m[1m^[22m[39m[31m[1m^[22m[39m[31m[1m^[22m[39m[31m[1m^[22m[39m[31m[1m^[22m[39m[31m[1m^[22m[39m[31m[1m^[22m[39m[31m[1m^[22m[39m[31m[1m^[22m[39m[31m[1m^[22m[39m[31m[1m^[22m[39m[31m[1m^[22m[39m[31m[1m^[22m[39m[31m[1m^[22m[39m[31m[1m^[22m[39m[31m[1m^[22m[39m[31m[1m^[22m[39m[31m[1m^[22m[39m[31m[1m^[22m[39m[31m[1m^[22m[39m[31m[1m^[22m[39m[31m[1m^[22m[39m[31m[1m^[22m[39m
 [90m  9 |[39m
 [90m 10 |[39m [36mconst[39m [33mTHEMES[39m[33m:[39m [33mArray[39m[33m<[39m{ label[33m:[39m string[33m;[39m value[33m:[39m [33mThemePreference[39m }[33m>[39m [33m=[39m [
 [90m 11 |[39m     { label[33m:[39m [32m'Dark'[39m[33m,[39m value[33m:[39m [32m'dark'[39m }[33m,[39m[0m

The export Button was not found in module [project]/frontend/src/components/ui/Button.tsx [app-ssr] (ecmascript).
Did you mean to import default?
All exports of the module are statically known (It doesn't have dynamic exports). So it's known statically that the requested export doesn't exist.

Import traces:
  Client Component Browser:
    ./frontend/src/components/layout/ThemeToggle.tsx [Client Component Browser]
    ./frontend/src/components/layout/GlobalHeader.tsx [Client Component Browser]
    ./frontend/src/components/layout/GlobalHeader.tsx [Server Component]
    ./frontend/src/app/layout.tsx [Server Component]

  Client Component SSR:
    ./frontend/src/components/layout/ThemeToggle.tsx [Client Component SSR]
    ./frontend/src/components/layout/GlobalHeader.tsx [Client Component SSR]
    ./frontend/src/components/layout/GlobalHeader.tsx [Server Component]
    ./frontend/src/app/layout.tsx [Server Component]


 GET / 500 in 49ms (compile: 46ms, render: 3ms)
⚠ Cross origin request detected from 127.0.0.1 to /_next/* resource. In a future major version of Next.js, you will need to explicitly configure "allowedDevOrigins" in next.config to allow this.
Read more: https://nextjs.org/docs/app/api-reference/config/next-config-js/allowedDevOrigins
✓ Compiled in 235ms
